c:\users\carol\desktop\projeto\projeto\x64\debug\vc142.pdb
c:\users\carol\desktop\projeto\projeto\x64\debug\vc142.idb
c:\users\carol\desktop\projeto\projeto\x64\debug\trianglemesh.obj
c:\users\carol\desktop\projeto\projeto\x64\debug\texture.obj
c:\users\carol\desktop\projeto\projeto\x64\debug\sphere.obj
c:\users\carol\desktop\projeto\projeto\x64\debug\scenemultilight.obj
c:\users\carol\desktop\projeto\projeto\x64\debug\plane.obj
c:\users\carol\desktop\projeto\projeto\x64\debug\objmesh.obj
c:\users\carol\desktop\projeto\projeto\x64\debug\main.obj
c:\users\carol\desktop\projeto\projeto\x64\debug\glutils.obj
c:\users\carol\desktop\projeto\projeto\x64\debug\glslprogram.obj
c:\users\carol\desktop\projeto\projeto\x64\debug\glad.obj
c:\users\carol\desktop\projeto\x64\debug\projeto.pdb
c:\users\carol\desktop\projeto\projeto\x64\debug\projeto.tlog\cl.command.1.tlog
c:\users\carol\desktop\projeto\projeto\x64\debug\projeto.tlog\cl.read.1.tlog
c:\users\carol\desktop\projeto\projeto\x64\debug\projeto.tlog\cl.write.1.tlog
c:\users\carol\desktop\projeto\projeto\x64\debug\projeto.tlog\link-cvtres.read.1.tlog
c:\users\carol\desktop\projeto\projeto\x64\debug\projeto.tlog\link-cvtres.write.1.tlog
c:\users\carol\desktop\projeto\projeto\x64\debug\projeto.tlog\link-rc.read.1.tlog
c:\users\carol\desktop\projeto\projeto\x64\debug\projeto.tlog\link-rc.write.1.tlog
c:\users\carol\desktop\projeto\projeto\x64\debug\projeto.tlog\link.6600-cvtres.read.1.tlog
c:\users\carol\desktop\projeto\projeto\x64\debug\projeto.tlog\link.6600-cvtres.write.1.tlog
c:\users\carol\desktop\projeto\projeto\x64\debug\projeto.tlog\link.6600-rc.read.1.tlog
c:\users\carol\desktop\projeto\projeto\x64\debug\projeto.tlog\link.6600-rc.write.1.tlog
c:\users\carol\desktop\projeto\projeto\x64\debug\projeto.tlog\link.6600.read.1.tlog
c:\users\carol\desktop\projeto\projeto\x64\debug\projeto.tlog\link.6600.write.1.tlog
c:\users\carol\desktop\projeto\projeto\x64\debug\projeto.tlog\link.command.1.tlog
c:\users\carol\desktop\projeto\projeto\x64\debug\projeto.tlog\link.read.1.tlog
c:\users\carol\desktop\projeto\projeto\x64\debug\projeto.tlog\link.write.1.tlog
